
page: 19
slot      disk      
number    address   value     
     1        19         1
     2         0         0
     3         0         0
     4         0         0
     5         0         0
     6         0         0
     7         0         0
     8         0         0
     9         0         0
    10         0         0
    11         0         0
    12         0         0
    13         0         0
    14         0         0
    15         0         0
    16         0         0
    17         0         0
    18         0         0
    19         0         0
    20         0         0


page: 8
slot      disk      
number    address   value     
     1         8         1
     2        19         1
     3         0         0
     4         0         0
     5         0         0
     6         0         0
     7         0         0
     8         0         0
     9         0         0
    10         0         0
    11         0         0
    12         0         0
    13         0         0
    14         0         0
    15         0         0
    16         0         0
    17         0         0
    18         0         0
    19         0         0
    20         0         0


page: 17
slot      disk      
number    address   value     
     1        17         1
     2         8         1
     3        19         1
     4         0         0
     5         0         0
     6         0         0
     7         0         0
     8         0         0
     9         0         0
    10         0         0
    11         0         0
    12         0         0
    13         0         0
    14         0         0
    15         0         0
    16         0         0
    17         0         0
    18         0         0
    19         0         0
    20         0         0


page: 16
slot      disk      
number    address   value     
     1        16         1
     2        17         1
     3         8         1
     4        19         1
     5         0         0
     6         0         0
     7         0         0
     8         0         0
     9         0         0
    10         0         0
    11         0         0
    12         0         0
    13         0         0
    14         0         0
    15         0         0
    16         0         0
    17         0         0
    18         0         0
    19         0         0
    20         0         0


page: 3
slot      disk      
number    address   value     
     1         3         1
     2        16         1
     3        17         1
     4         8         1
     5        19         1
     6         0         0
     7         0         0
     8         0         0
     9         0         0
    10         0         0
    11         0         0
    12         0         0
    13         0         0
    14         0         0
    15         0         0
    16         0         0
    17         0         0
    18         0         0
    19         0         0
    20         0         0


page: 3
slot      disk      
number    address   value     
     1         3         2
     2        16         1
     3        17         1
     4         8         1
     5        19         1
     6         0         0
     7         0         0
     8         0         0
     9         0         0
    10         0         0
    11         0         0
    12         0         0
    13         0         0
    14         0         0
    15         0         0
    16         0         0
    17         0         0
    18         0         0
    19         0         0
    20         0         0


page: 20
slot      disk      
number    address   value     
     1        20         2
     2         3         1
     3        16         1
     4        17         1
     5         8         1
     6        19         1
     7         0         0
     8         0         0
     9         0         0
    10         0         0
    11         0         0
    12         0         0
    13         0         0
    14         0         0
    15         0         0
    16         0         0
    17         0         0
    18         0         0
    19         0         0
    20         0         0


page: 8
slot      disk      
number    address   value     
     1        20         2
     2         8         2
     3         3         1
     4        16         1
     5        17         1
     6        19         1
     7         0         0
     8         0         0
     9         0         0
    10         0         0
    11         0         0
    12         0         0
    13         0         0
    14         0         0
    15         0         0
    16         0         0
    17         0         0
    18         0         0
    19         0         0
    20         0         0


page: 4
slot      disk      
number    address   value     
     1         4         2
     2        20         2
     3         8         1
     4         3         1
     5        16         1
     6        17         1
     7        19         1
     8         0         0
     9         0         0
    10         0         0
    11         0         0
    12         0         0
    13         0         0
    14         0         0
    15         0         0
    16         0         0
    17         0         0
    18         0         0
    19         0         0
    20         0         0


page: 10
slot      disk      
number    address   value     
     1        10         2
     2         4         2
     3        20         1
     4         8         1
     5         3         1
     6        16         1
     7        17         1
     8        19         1
     9         0         0
    10         0         0
    11         0         0
    12         0         0
    13         0         0
    14         0         0
    15         0         0
    16         0         0
    17         0         0
    18         0         0
    19         0         0
    20         0         0


page: 14
slot      disk      
number    address   value     
     1        14         2
     2        11         2
     3         1         1
     4        18         1
     5        21         0
     6        15         0
     7        19         0
     8         8         0
     9        10         0
    10         4         0
    11        20         0
    12         3         0
    13        16         0
    14        17         0
    15         0         0
    16         0         0
    17         0         0
    18         0         0
    19         0         0
    20         0         0


page: 10
slot      disk      
number    address   value     
     1         9         4
     2         6         3
     3        18         2
     4        14         1
     5        11         1
     6         1         1
     7         3         1
     8        19         1
     9        12         0
    10        20         0
    11         8         0
    12        10         0
    13        16         0
    14        17         0
    15        21         0
    16        15         0
    17         4         0
    18         0         0
    19         0         0
    20         0         0


page: 6
slot      disk      
number    address   value     
     1        13         4
     2         2         2
     3        18         2
     4        15         2
     5         6         2
     6         9         1
     7        20         1
     8        11         1
     9        16         1
    10         8         1
    11         3         1
    12        14         0
    13         1         0
    14         4         0
    15        19         0
    16        12         0
    17        10         0
    18        17         0
    19        21         0
    20         0         0


page: 4
slot      disk      
number    address   value     
     1         5         6
     2        12         3
     3        18         2
     4        13         2
     5         2         2
     6        11         2
     7        15         1
     8         6         1
     9        20         1
    10        14         1
    11         3         1
    12         9         0
    13        16         0
    14         8         0
    15        21         0
    16         4         0
    17         1         0
    18        19         0
    19        10         0
    20        17         0


page: 3
slot      disk      
number    address   value     
     1         7         6
     2        12         4
     3         5         3
     4        18         2
     5        13         2
     6         2         2
     7        14         2
     8         1         2
     9        16         2
    10         3         2
    11        11         1
    12        15         1
    13         6         1
    14        20         1
    15        10         1
    16         8         1
    17         9         0
    18        21         0
    19         4         0
    20        19         0


page: 18
slot      disk      
number    address   value     
     1         7         6
     2        12         4
     3         5         3
     4        18         3
     5        13         2
     6         2         2
     7        14         2
     8         1         2
     9        16         2
    10         3         2
    11        11         1
    12        15         1
    13         6         1
    14        20         1
    15        10         1
    16         8         1
    17         9         0
    18        21         0
    19         4         0
    20        19         0


page: 1
slot      disk      
number    address   value     
     1         7         6
     2        12         4
     3         5         3
     4        18         3
     5         1         3
     6        13         2
     7         2         2
     8        14         2
     9        16         2
    10         3         2
    11        11         1
    12        15         1
    13         6         1
    14        20         1
    15        10         1
    16         8         1
    17         9         0
    18        21         0
    19         4         0
    20        19         0


page: 14
slot      disk      
number    address   value     
     1         7         6
     2        12         4
     3         5         3
     4        18         3
     5         1         3
     6        14         3
     7        13         2
     8         2         2
     9        16         2
    10         3         2
    11        11         1
    12        15         1
    13         6         1
    14        20         1
    15        10         1
    16         8         1
    17         9         0
    18        21         0
    19         4         0
    20        19         0


page: 7
slot      disk      
number    address   value     
     1         7         7
     2        12         4
     3         5         3
     4        18         3
     5         1         3
     6        14         3
     7        13         2
     8         2         2
     9        16         2
    10         3         2
    11        11         1
    12        15         1
    13         6         1
    14        20         1
    15        10         1
    16         8         1
    17         9         0
    18        21         0
    19         4         0
    20        19         0


page: 2
slot      disk      
number    address   value     
     1         7         7
     2        12         4
     3         5         3
     4        18         3
     5         1         3
     6        14         3
     7         2         3
     8        13         2
     9        16         2
    10         3         2
    11        11         1
    12        15         1
    13         6         1
    14        20         1
    15        10         1
    16         8         1
    17         9         0
    18        21         0
    19         4         0
    20        19         0


page: 2
slot      disk      
number    address   value     
     1         7         7
     2        12         4
     3         2         4
     4         5         3
     5        18         3
     6         1         3
     7        14         3
     8        13         2
     9        16         2
    10         3         2
    11        11         1
    12        15         1
    13         6         1
    14        20         1
    15        10         1
    16         8         1
    17         9         0
    18        21         0
    19         4         0
    20        19         0


page: 17
slot      disk      
number    address   value     
     1        17         7
     2         7         4
     3        12         4
     4         2         3
     5         5         3
     6        18         3
     7         1         3
     8        14         2
     9        13         2
    10        16         2
    11         3         1
    12        11         1
    13        15         1
    14         6         1
    15        20         1
    16        10         1
    17         8         0
    18         9         0
    19        21         0
    20         4         0


page: 20
slot      disk      
number    address   value     
     1        17         6
     2         7         3
     3        12         3
     4         2         2
     5         5         2
     6        18         2
     7         1         2
     8        14         1
     9        13         1
    10        16         1
    11        20         1
    12         3         0
    13        11         0
    14        15         0
    15         6         0
    16        10         0
    17         8         0
    18         9         0
    19        21         0
    20         4         0


page: 13
slot      disk      
number    address   value     
     1        17         6
     2         7         3
     3        12         3
     4         2         2
     5         5         2
     6        18         2
     7         1         2
     8        13         2
     9        14         1
    10        16         1
    11        20         1
    12         3         0
    13        11         0
    14        15         0
    15         6         0
    16        10         0
    17         8         0
    18         9         0
    19        21         0
    20         4         0

